<?xml version="1.0" encoding="UTF-8"?>
<testsuite name="com.sopoong.camping.springboot.web.IndexControllerTest" tests="1" skipped="0" failures="0" errors="0" timestamp="2020-04-28T08:09:08" hostname="DESKTOP-VRS25KP" time="0.299">
  <properties/>
  <testcase name="mainPage_loading" classname="com.sopoong.camping.springboot.web.IndexControllerTest" time="0.299"/>
  <system-out><![CDATA[17:09:01.793 [Test worker] DEBUG org.springframework.test.context.junit4.SpringJUnit4ClassRunner - SpringJUnit4ClassRunner constructor called with [class com.sopoong.camping.springboot.web.IndexControllerTest]
17:09:01.793 [Test worker] DEBUG org.springframework.test.context.BootstrapUtils - Instantiating CacheAwareContextLoaderDelegate from class [org.springframework.test.context.cache.DefaultCacheAwareContextLoaderDelegate]
17:09:01.809 [Test worker] DEBUG org.springframework.test.context.BootstrapUtils - Instantiating BootstrapContext using constructor [public org.springframework.test.context.support.DefaultBootstrapContext(java.lang.Class,org.springframework.test.context.CacheAwareContextLoaderDelegate)]
17:09:01.840 [Test worker] DEBUG org.springframework.test.context.BootstrapUtils - Instantiating TestContextBootstrapper for test class [com.sopoong.camping.springboot.web.IndexControllerTest] from class [org.springframework.boot.test.context.SpringBootTestContextBootstrapper]
17:09:01.856 [Test worker] INFO org.springframework.boot.test.context.SpringBootTestContextBootstrapper - Neither @ContextConfiguration nor @ContextHierarchy found for test class [com.sopoong.camping.springboot.web.IndexControllerTest], using SpringBootContextLoader
17:09:01.856 [Test worker] DEBUG org.springframework.test.context.support.AbstractContextLoader - Did not detect default resource location for test class [com.sopoong.camping.springboot.web.IndexControllerTest]: class path resource [com/sopoong/camping/springboot/web/IndexControllerTest-context.xml] does not exist
17:09:01.856 [Test worker] DEBUG org.springframework.test.context.support.AbstractContextLoader - Did not detect default resource location for test class [com.sopoong.camping.springboot.web.IndexControllerTest]: class path resource [com/sopoong/camping/springboot/web/IndexControllerTestContext.groovy] does not exist
17:09:01.856 [Test worker] INFO org.springframework.test.context.support.AbstractContextLoader - Could not detect default resource locations for test class [com.sopoong.camping.springboot.web.IndexControllerTest]: no resource found for suffixes {-context.xml, Context.groovy}.
17:09:01.856 [Test worker] INFO org.springframework.test.context.support.AnnotationConfigContextLoaderUtils - Could not detect default configuration classes for test class [com.sopoong.camping.springboot.web.IndexControllerTest]: IndexControllerTest does not declare any static, non-private, non-final, nested classes annotated with @Configuration.
17:09:01.934 [Test worker] DEBUG org.springframework.test.context.support.ActiveProfilesUtils - Could not find an 'annotation declaring class' for annotation type [org.springframework.test.context.ActiveProfiles] and class [com.sopoong.camping.springboot.web.IndexControllerTest]
17:09:02.083 [Test worker] DEBUG org.springframework.context.annotation.ClassPathScanningCandidateComponentProvider - Identified candidate component class: file [C:\Users\YounggiKimA\Desktop\camping\build\classes\java\main\com\sopoong\camping\springboot\Application.class]
17:09:02.086 [Test worker] INFO org.springframework.boot.test.context.SpringBootTestContextBootstrapper - Found @SpringBootConfiguration com.sopoong.camping.springboot.Application for test class com.sopoong.camping.springboot.web.IndexControllerTest
17:09:02.199 [Test worker] DEBUG org.springframework.boot.test.context.SpringBootTestContextBootstrapper - @TestExecutionListeners is not present for class [com.sopoong.camping.springboot.web.IndexControllerTest]: using defaults.
17:09:02.200 [Test worker] INFO org.springframework.boot.test.context.SpringBootTestContextBootstrapper - Loaded default TestExecutionListener class names from location [META-INF/spring.factories]: [org.springframework.boot.test.autoconfigure.restdocs.RestDocsTestExecutionListener, org.springframework.boot.test.autoconfigure.web.client.MockRestServiceServerResetTestExecutionListener, org.springframework.boot.test.autoconfigure.web.servlet.MockMvcPrintOnlyOnFailureTestExecutionListener, org.springframework.boot.test.autoconfigure.web.servlet.WebDriverTestExecutionListener, org.springframework.boot.test.mock.mockito.MockitoTestExecutionListener, org.springframework.boot.test.mock.mockito.ResetMocksTestExecutionListener, org.springframework.test.context.web.ServletTestExecutionListener, org.springframework.test.context.support.DirtiesContextBeforeModesTestExecutionListener, org.springframework.test.context.support.DependencyInjectionTestExecutionListener, org.springframework.test.context.support.DirtiesContextTestExecutionListener, org.springframework.test.context.transaction.TransactionalTestExecutionListener, org.springframework.test.context.jdbc.SqlScriptsTestExecutionListener]
17:09:02.226 [Test worker] INFO org.springframework.boot.test.context.SpringBootTestContextBootstrapper - Using TestExecutionListeners: [org.springframework.test.context.web.ServletTestExecutionListener@330a486a, org.springframework.test.context.support.DirtiesContextBeforeModesTestExecutionListener@7fbb7a26, org.springframework.boot.test.mock.mockito.MockitoTestExecutionListener@5c15c82a, org.springframework.boot.test.autoconfigure.SpringBootDependencyInjectionTestExecutionListener@7b290e5a, org.springframework.test.context.support.DirtiesContextTestExecutionListener@1a81504d, org.springframework.test.context.transaction.TransactionalTestExecutionListener@3e4f6371, org.springframework.test.context.jdbc.SqlScriptsTestExecutionListener@4c69a80a, org.springframework.boot.test.autoconfigure.restdocs.RestDocsTestExecutionListener@7f012403, org.springframework.boot.test.autoconfigure.web.client.MockRestServiceServerResetTestExecutionListener@6f921096, org.springframework.boot.test.autoconfigure.web.servlet.MockMvcPrintOnlyOnFailureTestExecutionListener@2a83b2fe, org.springframework.boot.test.autoconfigure.web.servlet.WebDriverTestExecutionListener@2bab765c, org.springframework.boot.test.mock.mockito.ResetMocksTestExecutionListener@5dfc7e16]
17:09:02.231 [Test worker] DEBUG org.springframework.test.annotation.ProfileValueUtils - Retrieved @ProfileValueSourceConfiguration [null] for test class [com.sopoong.camping.springboot.web.IndexControllerTest]
17:09:02.231 [Test worker] DEBUG org.springframework.test.annotation.ProfileValueUtils - Retrieved ProfileValueSource type [class org.springframework.test.annotation.SystemProfileValueSource] for class [com.sopoong.camping.springboot.web.IndexControllerTest]
17:09:02.236 [Test worker] DEBUG org.springframework.test.annotation.ProfileValueUtils - Retrieved @ProfileValueSourceConfiguration [null] for test class [com.sopoong.camping.springboot.web.IndexControllerTest]
17:09:02.236 [Test worker] DEBUG org.springframework.test.annotation.ProfileValueUtils - Retrieved ProfileValueSource type [class org.springframework.test.annotation.SystemProfileValueSource] for class [com.sopoong.camping.springboot.web.IndexControllerTest]
17:09:02.237 [Test worker] DEBUG org.springframework.test.annotation.ProfileValueUtils - Retrieved @ProfileValueSourceConfiguration [null] for test class [com.sopoong.camping.springboot.web.IndexControllerTest]
17:09:02.237 [Test worker] DEBUG org.springframework.test.annotation.ProfileValueUtils - Retrieved ProfileValueSource type [class org.springframework.test.annotation.SystemProfileValueSource] for class [com.sopoong.camping.springboot.web.IndexControllerTest]
17:09:02.244 [Test worker] DEBUG org.springframework.test.context.support.AbstractDirtiesContextTestExecutionListener - Before test class: context [DefaultTestContext@1fda5e12 testClass = IndexControllerTest, testInstance = [null], testMethod = [null], testException = [null], mergedContextConfiguration = [WebMergedContextConfiguration@721ce7ec testClass = IndexControllerTest, locations = '{}', classes = '{class com.sopoong.camping.springboot.Application}', contextInitializerClasses = '[]', activeProfiles = '{}', propertySourceLocations = '{}', propertySourceProperties = '{org.springframework.boot.test.context.SpringBootTestContextBootstrapper=true, server.port=0}', contextCustomizers = set[org.springframework.boot.test.autoconfigure.properties.PropertyMappingContextCustomizer@0, org.springframework.boot.test.autoconfigure.web.servlet.WebDriverContextCustomizerFactory$Customizer@13d175c8, org.springframework.boot.test.context.filter.ExcludeFilterContextCustomizer@37c63766, org.springframework.boot.test.json.DuplicateJsonObjectContextCustomizerFactory$DuplicateJsonObjectContextCustomizer@616b7e42, org.springframework.boot.test.mock.mockito.MockitoContextCustomizer@0, org.springframework.boot.test.web.client.TestRestTemplateContextCustomizer@435ba42d], resourceBasePath = 'src/main/webapp', contextLoader = 'org.springframework.boot.test.context.SpringBootContextLoader', parent = [null]], attributes = map['org.springframework.test.context.web.ServletTestExecutionListener.activateListener' -> false]], class annotated with @DirtiesContext [false] with mode [null].
17:09:02.246 [Test worker] DEBUG org.springframework.test.annotation.ProfileValueUtils - Retrieved @ProfileValueSourceConfiguration [null] for test class [com.sopoong.camping.springboot.web.IndexControllerTest]
17:09:02.246 [Test worker] DEBUG org.springframework.test.annotation.ProfileValueUtils - Retrieved ProfileValueSource type [class org.springframework.test.annotation.SystemProfileValueSource] for class [com.sopoong.camping.springboot.web.IndexControllerTest]
17:09:02.252 [Test worker] DEBUG org.springframework.test.context.support.DependencyInjectionTestExecutionListener - Performing dependency injection for test context [[DefaultTestContext@1fda5e12 testClass = IndexControllerTest, testInstance = com.sopoong.camping.springboot.web.IndexControllerTest@8aa9a34, testMethod = [null], testException = [null], mergedContextConfiguration = [WebMergedContextConfiguration@721ce7ec testClass = IndexControllerTest, locations = '{}', classes = '{class com.sopoong.camping.springboot.Application}', contextInitializerClasses = '[]', activeProfiles = '{}', propertySourceLocations = '{}', propertySourceProperties = '{org.springframework.boot.test.context.SpringBootTestContextBootstrapper=true, server.port=0}', contextCustomizers = set[org.springframework.boot.test.autoconfigure.properties.PropertyMappingContextCustomizer@0, org.springframework.boot.test.autoconfigure.web.servlet.WebDriverContextCustomizerFactory$Customizer@13d175c8, org.springframework.boot.test.context.filter.ExcludeFilterContextCustomizer@37c63766, org.springframework.boot.test.json.DuplicateJsonObjectContextCustomizerFactory$DuplicateJsonObjectContextCustomizer@616b7e42, org.springframework.boot.test.mock.mockito.MockitoContextCustomizer@0, org.springframework.boot.test.web.client.TestRestTemplateContextCustomizer@435ba42d], resourceBasePath = 'src/main/webapp', contextLoader = 'org.springframework.boot.test.context.SpringBootContextLoader', parent = [null]], attributes = map['org.springframework.test.context.web.ServletTestExecutionListener.activateListener' -> false]]].
17:09:02.290 [Test worker] DEBUG org.springframework.test.context.support.TestPropertySourceUtils - Adding inlined properties to environment: {spring.jmx.enabled=false, org.springframework.boot.test.context.SpringBootTestContextBootstrapper=true, server.port=0}

  .   ____          _            __ _ _
 /\\ / ___'_ __ _ _(_)_ __  __ _ \ \ \ \
( ( )\___ | '_ | '_| | '_ \/ _` | \ \ \ \
 \\/  ___)| |_)| | | | | || (_| |  ) ) ) )
  '  |____| .__|_| |_|_| |_\__, | / / / /
 =========|_|==============|___/=/_/_/_/
 :: Spring Boot ::        (v2.1.9.RELEASE)

2020-04-28 17:09:02.591  INFO 12028 --- [    Test worker] c.s.c.s.web.IndexControllerTest          : Starting IndexControllerTest on DESKTOP-VRS25KP with PID 12028 (started by YounggiKimA in C:\Users\YounggiKimA\Desktop\camping)
2020-04-28 17:09:02.591  INFO 12028 --- [    Test worker] c.s.c.s.web.IndexControllerTest          : No active profile set, falling back to default profiles: default
2020-04-28 17:09:03.545  INFO 12028 --- [    Test worker] .s.d.r.c.RepositoryConfigurationDelegate : Bootstrapping Spring Data repositories in DEFAULT mode.
2020-04-28 17:09:03.639  INFO 12028 --- [    Test worker] .s.d.r.c.RepositoryConfigurationDelegate : Finished Spring Data repository scanning in 82ms. Found 1 repository interfaces.
2020-04-28 17:09:04.163  INFO 12028 --- [    Test worker] trationDelegate$BeanPostProcessorChecker : Bean 'org.springframework.transaction.annotation.ProxyTransactionManagementConfiguration' of type [org.springframework.transaction.annotation.ProxyTransactionManagementConfiguration$$EnhancerBySpringCGLIB$$6750abd3] is not eligible for getting processed by all BeanPostProcessors (for example: not eligible for auto-proxying)
2020-04-28 17:09:04.608  INFO 12028 --- [    Test worker] o.s.b.w.embedded.tomcat.TomcatWebServer  : Tomcat initialized with port(s): 0 (http)
2020-04-28 17:09:04.655  INFO 12028 --- [    Test worker] o.apache.catalina.core.StandardService   : Starting service [Tomcat]
2020-04-28 17:09:04.655  INFO 12028 --- [    Test worker] org.apache.catalina.core.StandardEngine  : Starting Servlet engine: [Apache Tomcat/9.0.26]
2020-04-28 17:09:04.780  INFO 12028 --- [    Test worker] o.a.c.c.C.[Tomcat].[localhost].[/]       : Initializing Spring embedded WebApplicationContext
2020-04-28 17:09:04.780  INFO 12028 --- [    Test worker] o.s.web.context.ContextLoader            : Root WebApplicationContext: initialization completed in 2158 ms
2020-04-28 17:09:05.081  INFO 12028 --- [    Test worker] com.zaxxer.hikari.HikariDataSource       : HikariPool-1 - Starting...
2020-04-28 17:09:05.265  INFO 12028 --- [    Test worker] com.zaxxer.hikari.HikariDataSource       : HikariPool-1 - Start completed.
2020-04-28 17:09:05.371  INFO 12028 --- [    Test worker] o.hibernate.jpa.internal.util.LogHelper  : HHH000204: Processing PersistenceUnitInfo [
	name: default
	...]
2020-04-28 17:09:05.454  INFO 12028 --- [    Test worker] org.hibernate.Version                    : HHH000412: Hibernate Core {5.3.12.Final}
2020-04-28 17:09:05.457  INFO 12028 --- [    Test worker] org.hibernate.cfg.Environment            : HHH000206: hibernate.properties not found
2020-04-28 17:09:05.641  INFO 12028 --- [    Test worker] o.hibernate.annotations.common.Version   : HCANN000001: Hibernate Commons Annotations {5.0.4.Final}
2020-04-28 17:09:05.844  INFO 12028 --- [    Test worker] org.hibernate.dialect.Dialect            : HHH000400: Using dialect: org.hibernate.dialect.MySQL5InnoDBDialect
Hibernate: drop table if exists posts
Hibernate: create table posts (id bigint not null auto_increment, created_date datetime, modified_date datetime, author varchar(255), content TEXT not null, title varchar(500) not null, primary key (id)) engine=InnoDB
2020-04-28 17:09:06.545  INFO 12028 --- [    Test worker] o.h.t.schema.internal.SchemaCreatorImpl  : HHH000476: Executing import script 'org.hibernate.tool.schema.internal.exec.ScriptSourceInputNonExistentImpl@24e2619f'
2020-04-28 17:09:06.548  INFO 12028 --- [    Test worker] j.LocalContainerEntityManagerFactoryBean : Initialized JPA EntityManagerFactory for persistence unit 'default'
2020-04-28 17:09:07.571  INFO 12028 --- [    Test worker] o.s.s.concurrent.ThreadPoolTaskExecutor  : Initializing ExecutorService 'applicationTaskExecutor'
2020-04-28 17:09:07.627  WARN 12028 --- [    Test worker] aWebConfiguration$JpaWebMvcConfiguration : spring.jpa.open-in-view is enabled by default. Therefore, database queries may be performed during view rendering. Explicitly configure spring.jpa.open-in-view to disable this warning
2020-04-28 17:09:07.690  INFO 12028 --- [    Test worker] o.s.b.a.w.s.WelcomePageHandlerMapping    : Adding welcome page template: index
2020-04-28 17:09:08.070  INFO 12028 --- [    Test worker] o.s.b.w.embedded.tomcat.TomcatWebServer  : Tomcat started on port(s): 53623 (http) with context path ''
2020-04-28 17:09:08.072  INFO 12028 --- [    Test worker] c.s.c.s.web.IndexControllerTest          : Started IndexControllerTest in 5.78 seconds (JVM running for 7.117)
2020-04-28 17:09:08.233  INFO 12028 --- [o-auto-1-exec-1] o.a.c.c.C.[Tomcat].[localhost].[/]       : Initializing Spring DispatcherServlet 'dispatcherServlet'
2020-04-28 17:09:08.233  INFO 12028 --- [o-auto-1-exec-1] o.s.web.servlet.DispatcherServlet        : Initializing Servlet 'dispatcherServlet'
2020-04-28 17:09:08.259  INFO 12028 --- [o-auto-1-exec-1] o.s.web.servlet.DispatcherServlet        : Completed initialization in 26 ms
]]></system-out>
  <system-err><![CDATA[]]></system-err>
</testsuite>
